<?xml version="1.0" encoding="UTF-8"?>
<!-- Generated by org.testng.reporters.JUnitReportReporter -->
<testsuite hostname="DESKTOP-0KSQGQF" name="APITesting.com.org.api.JasonServerRequests" tests="1" failures="0" timestamp="27 Mar 2018 16:36:42 GMT" time="1.864" errors="0">
  <testcase name="test_10" time="1.864" classname="APITesting.com.org.api.JasonServerRequests"/>
</testsuite> <!-- APITesting.com.org.api.JasonServerRequests -->
