<?xml version="1.0" encoding="UTF-8"?>
<!-- Generated by org.testng.reporters.JUnitReportReporter -->
<testsuite hostname="DESKTOP-0KSQGQF" name="APITesting.com.org.api.WeatherGetRequests" tests="10" failures="0" timestamp="25 Mar 2018 18:33:50 GMT" time="3.562" errors="0">
  <testcase name="Test_03" time="0.100" classname="APITesting.com.org.api.WeatherGetRequests"/>
  <testcase name="Test_05" time="0.111" classname="APITesting.com.org.api.WeatherGetRequests"/>
  <testcase name="Test_01" time="1.938" classname="APITesting.com.org.api.WeatherGetRequests"/>
  <testcase name="Test_09" time="0.085" classname="APITesting.com.org.api.WeatherGetRequests"/>
  <testcase name="Test_02" time="0.104" classname="APITesting.com.org.api.WeatherGetRequests"/>
  <testcase name="Test_04" time="0.148" classname="APITesting.com.org.api.WeatherGetRequests"/>
  <testcase name="test_10" time="0.228" classname="APITesting.com.org.api.WeatherGetRequests"/>
  <testcase name="Test_08" time="0.675" classname="APITesting.com.org.api.WeatherGetRequests"/>
  <testcase name="Test_06" time="0.097" classname="APITesting.com.org.api.WeatherGetRequests"/>
  <testcase name="Test_06a" time="0.076" classname="APITesting.com.org.api.WeatherGetRequests"/>
</testsuite> <!-- APITesting.com.org.api.WeatherGetRequests -->
